INFO 2025-02-26 09:38:44,359 autoreload Watching for file changes with StatReloader
INFO 2025-02-26 09:39:35,420 basehttp "POST /users/api/login/ HTTP/1.1" 200 5682
WARNING 2025-02-26 09:39:53,722 log Unauthorized: /users/api/logout/
WARNING 2025-02-26 09:39:53,722 basehttp "POST /users/api/logout/ HTTP/1.1" 401 27
INFO 2025-02-26 09:40:05,904 basehttp "POST /users/api/login/ HTTP/1.1" 200 149
INFO 2025-02-26 09:45:28,036 autoreload C:\Users\User\Desktop\docs\taskmanager\users\views.py changed, reloading.
INFO 2025-02-26 09:45:28,636 autoreload Watching for file changes with StatReloader
INFO 2025-02-26 09:45:36,399 views Ползователь пытается войти
INFO 2025-02-26 09:45:37,037 views Ползователь с test21@gmail.com паролем pbkdf2_sha256$870000$fpkE532rQqi8NV6QDwUFIb$ZPFFqngBrY7jV9gbPi2MYRXLOJBrMO1ctt1YaRDQMKw= вошел на сайт 13
INFO 2025-02-26 09:45:37,037 views Ползователь с test21@gmail.com паролем pbkdf2_sha256$870000$fpkE532rQqi8NV6QDwUFIb$ZPFFqngBrY7jV9gbPi2MYRXLOJBrMO1ctt1YaRDQMKw= вошел на сайт 13
INFO 2025-02-26 09:45:37,065 basehttp "POST /users/api/login/ HTTP/1.1" 200 5682
INFO 2025-02-26 09:47:01,988 autoreload C:\Users\User\Desktop\docs\taskmanager\users\views.py changed, reloading.
INFO 2025-02-26 09:47:02,651 autoreload Watching for file changes with StatReloader
WARNING 2025-02-26 09:47:12,204 log Method Not Allowed: /users/api/login/
WARNING 2025-02-26 09:47:12,204 basehttp "GET /users/api/login/ HTTP/1.1" 405 5598
INFO 2025-02-26 09:47:31,083 views Ползователь пытается войти
INFO 2025-02-26 09:47:31,739 views Ползователь с test21@gmail.com вошел на сайт 13
INFO 2025-02-26 09:47:31,739 views Ползователь с test21@gmail.com вошел на сайт 13
INFO 2025-02-26 09:47:31,742 basehttp "POST /users/api/login/ HTTP/1.1" 200 5682
INFO 2025-02-26 09:49:40,507 views Ползователь пытается войти
ERROR 2025-02-26 09:49:41,187 log Internal Server Error: /users/api/login/
Traceback (most recent call last):
  File "C:\Users\User\Desktop\docs\.venv\Lib\site-packages\django\core\handlers\exception.py", line 55, in inner
    response = get_response(request)
  File "C:\Users\User\Desktop\docs\.venv\Lib\site-packages\django\core\handlers\base.py", line 197, in _get_response
    response = wrapped_callback(request, *callback_args, **callback_kwargs)
  File "C:\Users\User\Desktop\docs\.venv\Lib\site-packages\django\views\decorators\csrf.py", line 65, in _view_wrapper
    return view_func(request, *args, **kwargs)
  File "C:\Users\User\Desktop\docs\.venv\Lib\site-packages\django\views\generic\base.py", line 104, in view
    return self.dispatch(request, *args, **kwargs)
           ~~~~~~~~~~~~~^^^^^^^^^^^^^^^^^^^^^^^^^^
  File "C:\Users\User\Desktop\docs\.venv\Lib\site-packages\rest_framework\views.py", line 509, in dispatch
    response = self.handle_exception(exc)
  File "C:\Users\User\Desktop\docs\.venv\Lib\site-packages\rest_framework\views.py", line 469, in handle_exception
    self.raise_uncaught_exception(exc)
    ~~~~~~~~~~~~~~~~~~~~~~~~~~~~~^^^^^
  File "C:\Users\User\Desktop\docs\.venv\Lib\site-packages\rest_framework\views.py", line 480, in raise_uncaught_exception
    raise exc
  File "C:\Users\User\Desktop\docs\.venv\Lib\site-packages\rest_framework\views.py", line 506, in dispatch
    response = handler(request, *args, **kwargs)
  File "C:\Users\User\Desktop\docs\taskmanager\users\views.py", line 71, in post
    logger.warning(f'Неудачный вход {user.email} неверные данные')
                                     ^^^^^^^^^^
AttributeError: 'NoneType' object has no attribute 'email'
ERROR 2025-02-26 09:49:41,190 basehttp "POST /users/api/login/ HTTP/1.1" 500 97006
WARNING 2025-02-26 09:49:51,752 log Method Not Allowed: /users/api/login/
WARNING 2025-02-26 09:49:51,752 basehttp "GET /users/api/login/ HTTP/1.1" 405 5598
INFO 2025-02-26 09:49:57,785 views Ползователь пытается войти
INFO 2025-02-26 09:49:58,434 views Ползователь с test21@gmail.com вошел на сайт 13
INFO 2025-02-26 09:49:58,434 views Ползователь с test21@gmail.com вошел на сайт 13
INFO 2025-02-26 09:49:58,437 basehttp "POST /users/api/login/ HTTP/1.1" 200 5682
INFO 2025-02-26 09:50:38,051 autoreload C:\Users\User\Desktop\docs\taskmanager\users\views.py changed, reloading.
INFO 2025-02-26 09:50:38,846 autoreload Watching for file changes with StatReloader
INFO 2025-02-26 09:50:47,792 views Ползователь пытается войти
INFO 2025-02-26 09:50:48,449 views Ползователь с test21@gmail.com вошел на сайт 13
INFO 2025-02-26 09:50:48,449 views Ползователь с test21@gmail.com вошел на сайт 13
INFO 2025-02-26 09:50:48,474 basehttp "POST /users/api/login/ HTTP/1.1" 200 5682
INFO 2025-02-26 09:51:03,435 autoreload C:\Users\User\Desktop\docs\taskmanager\users\views.py changed, reloading.
INFO 2025-02-26 09:51:04,094 autoreload Watching for file changes with StatReloader
INFO 2025-02-26 09:51:10,116 views Ползователь пытается войти
INFO 2025-02-26 09:51:10,782 views Ползователь с test21@gmail.com вошел на сайт 13
INFO 2025-02-26 09:51:10,782 views Ползователь с test21@gmail.com вошел на сайт 13
INFO 2025-02-26 09:51:10,809 basehttp "POST /users/api/login/ HTTP/1.1" 200 5682
INFO 2025-02-26 09:51:20,087 autoreload C:\Users\User\Desktop\docs\taskmanager\users\views.py changed, reloading.
INFO 2025-02-26 09:51:20,761 autoreload Watching for file changes with StatReloader
INFO 2025-02-26 09:51:25,277 views Ползователь пытается войти
INFO 2025-02-26 09:51:25,927 views Ползователь с test21@gmail.com вошел на сайт 13
INFO 2025-02-26 09:51:25,927 views Ползователь с test21@gmail.com вошел на сайт 13
INFO 2025-02-26 09:51:25,959 basehttp "POST /users/api/login/ HTTP/1.1" 200 5682
INFO 2025-02-26 10:07:50,796 autoreload Watching for file changes with StatReloader
INFO 2025-02-26 10:07:51,846 basehttp "GET /admin/tasks/task/ HTTP/1.1" 200 27213
INFO 2025-02-26 10:07:51,952 basehttp "GET /admin/jsi18n/ HTTP/1.1" 200 3342
INFO 2025-02-26 10:08:30,725 autoreload C:\Users\User\Desktop\docs\taskmanager\tasks\admin.py changed, reloading.
INFO 2025-02-26 10:08:31,588 autoreload Watching for file changes with StatReloader
INFO 2025-02-26 10:08:58,081 autoreload Watching for file changes with StatReloader
INFO 2025-02-26 10:10:02,534 autoreload C:\Users\User\Desktop\docs\taskmanager\tasks\admin.py changed, reloading.
INFO 2025-02-26 10:10:03,225 autoreload Watching for file changes with StatReloader
INFO 2025-02-26 10:10:28,575 autoreload C:\Users\User\Desktop\docs\taskmanager\tasks\admin.py changed, reloading.
INFO 2025-02-26 10:10:29,839 autoreload Watching for file changes with StatReloader
INFO 2025-02-26 10:11:03,627 autoreload C:\Users\User\Desktop\docs\taskmanager\tasks\admin.py changed, reloading.
INFO 2025-02-26 10:11:04,834 autoreload Watching for file changes with StatReloader
INFO 2025-02-26 10:11:08,540 basehttp "GET /admin/tasks/task/ HTTP/1.1" 200 31137
INFO 2025-02-26 10:11:08,657 basehttp "GET /admin/jsi18n/ HTTP/1.1" 200 3342
INFO 2025-02-26 10:11:12,430 basehttp "GET /admin/tasks/task/?priority__exact=%D0%A1%D0%A0%D0%95%D0%94%D0%9D%D0%98%D0%99 HTTP/1.1" 200 24982
INFO 2025-02-26 10:11:12,501 basehttp "GET /admin/jsi18n/ HTTP/1.1" 200 3342
INFO 2025-02-26 10:11:16,628 basehttp "GET /admin/tasks/task/?priority__exact=%D0%9A%D0%A0%D0%98%D0%A2%D0%98%D0%A7%D0%95%D0%A1%D0%9A%D0%98%D0%99 HTTP/1.1" 200 25022
INFO 2025-02-26 10:11:16,701 basehttp "GET /admin/jsi18n/ HTTP/1.1" 200 3342
INFO 2025-02-26 10:11:19,115 basehttp "GET /admin/tasks/task/?priority__exact=%D0%92%D0%AB%D0%A1%D0%9E%D0%9A%D0%98%D0%99 HTTP/1.1" 200 24982
INFO 2025-02-26 10:11:19,286 basehttp "GET /admin/jsi18n/ HTTP/1.1" 200 3342
INFO 2025-02-26 10:11:21,426 basehttp "GET /admin/tasks/task/?priority__exact=%D0%A1%D0%A0%D0%95%D0%94%D0%9D%D0%98%D0%99 HTTP/1.1" 200 24982
INFO 2025-02-26 10:11:21,500 basehttp "GET /admin/jsi18n/ HTTP/1.1" 200 3342
INFO 2025-02-26 10:11:24,093 basehttp "GET /admin/tasks/task/? HTTP/1.1" 200 31137
INFO 2025-02-26 10:11:24,168 basehttp "GET /admin/jsi18n/ HTTP/1.1" 200 3342
INFO 2025-02-26 10:11:28,094 basehttp "GET /admin/tasks/task/?status__exact=%D0%90%D0%9A%D0%A2%D0%98%D0%92%D0%95%D0%9D HTTP/1.1" 200 32047
INFO 2025-02-26 10:11:28,167 basehttp "GET /admin/jsi18n/ HTTP/1.1" 200 3342
INFO 2025-02-26 10:11:31,374 basehttp "GET /admin/tasks/task/?status__exact=%D0%92+%D0%9F%D0%A0%D0%9E%D0%A6%D0%95%D0%A1%D0%A1%D0%95 HTTP/1.1" 200 25003
INFO 2025-02-26 10:11:31,451 basehttp "GET /admin/jsi18n/ HTTP/1.1" 200 3342
INFO 2025-02-26 10:11:34,143 basehttp "GET /admin/tasks/task/? HTTP/1.1" 200 31137
INFO 2025-02-26 10:11:34,323 basehttp "GET /admin/jsi18n/ HTTP/1.1" 200 3342
INFO 2025-02-26 10:11:35,641 basehttp "GET /admin/tasks/task/1/change/ HTTP/1.1" 200 37364
INFO 2025-02-26 10:11:35,724 basehttp "GET /admin/jsi18n/ HTTP/1.1" 200 3342
INFO 2025-02-26 10:11:46,316 basehttp "POST /admin/tasks/task/1/change/ HTTP/1.1" 302 0
INFO 2025-02-26 10:11:46,399 basehttp "GET /admin/tasks/task/ HTTP/1.1" 200 31696
INFO 2025-02-26 10:11:46,469 basehttp "GET /admin/jsi18n/ HTTP/1.1" 200 3342
INFO 2025-02-26 10:11:49,998 basehttp "GET /admin/tasks/task/?priority__exact=%D0%9A%D0%A0%D0%98%D0%A2%D0%98%D0%A7%D0%95%D0%A1%D0%9A%D0%98%D0%99 HTTP/1.1" 200 29937
INFO 2025-02-26 10:11:50,186 basehttp "GET /admin/jsi18n/ HTTP/1.1" 200 3342
INFO 2025-02-26 10:11:55,112 basehttp "GET /admin/tasks/task/?status__exact=%D0%92+%D0%9F%D0%A0%D0%9E%D0%A6%D0%95%D0%A1%D0%A1%D0%95&priority__exact=%D0%9A%D0%A0%D0%98%D0%A2%D0%98%D0%A7%D0%95%D0%A1%D0%9A%D0%98%D0%99 HTTP/1.1" 200 30614
INFO 2025-02-26 10:11:55,291 basehttp "GET /admin/jsi18n/ HTTP/1.1" 200 3342
INFO 2025-02-26 10:11:57,476 basehttp "GET /admin/tasks/task/?status__exact=%D0%92+%D0%9F%D0%A0%D0%9E%D0%A6%D0%95%D0%A1%D0%A1%D0%95 HTTP/1.1" 200 29821
INFO 2025-02-26 10:11:57,653 basehttp "GET /admin/jsi18n/ HTTP/1.1" 200 3342
INFO 2025-02-26 10:12:01,711 basehttp "GET /admin/tasks/task/?status__exact=%D0%90%D0%9A%D0%A2%D0%98%D0%92%D0%95%D0%9D HTTP/1.1" 200 31568
INFO 2025-02-26 10:12:01,786 basehttp "GET /admin/jsi18n/ HTTP/1.1" 200 3342
INFO 2025-02-26 10:12:05,583 basehttp "GET /admin/tasks/task/? HTTP/1.1" 200 31137
INFO 2025-02-26 10:12:05,661 basehttp "GET /admin/jsi18n/ HTTP/1.1" 200 3342
WARNING 2025-02-26 10:12:21,838 log Method Not Allowed: /users/api/login/
WARNING 2025-02-26 10:12:21,838 basehttp "GET /users/api/login/ HTTP/1.1" 405 5598
INFO 2025-02-26 10:12:46,054 basehttp "GET /admin/chat/chat/ HTTP/1.1" 200 22770
INFO 2025-02-26 10:12:46,132 basehttp "GET /admin/jsi18n/ HTTP/1.1" 200 3342
INFO 2025-02-26 10:12:55,193 basehttp "GET /admin/tasks/task_comments/ HTTP/1.1" 200 25462
INFO 2025-02-26 10:12:55,270 basehttp "GET /admin/jsi18n/ HTTP/1.1" 200 3342
INFO 2025-02-26 10:13:02,605 basehttp "GET /admin/tasks/projects/ HTTP/1.1" 200 26582
INFO 2025-02-26 10:13:02,682 basehttp "GET /admin/jsi18n/ HTTP/1.1" 200 3342
INFO 2025-02-26 10:14:00,584 autoreload C:\Users\User\Desktop\docs\taskmanager\tasks\admin.py changed, reloading.
INFO 2025-02-26 10:14:01,500 autoreload Watching for file changes with StatReloader
INFO 2025-02-26 10:14:02,343 basehttp "GET /admin/tasks/projects/ HTTP/1.1" 200 27460
INFO 2025-02-26 10:14:02,521 basehttp "GET /admin/jsi18n/ HTTP/1.1" 200 3342
INFO 2025-02-26 10:14:15,897 basehttp "GET /admin/event_calendar/event/ HTTP/1.1" 200 23015
INFO 2025-02-26 10:14:15,983 basehttp "GET /admin/jsi18n/ HTTP/1.1" 200 3342
INFO 2025-02-26 10:15:54,538 autoreload C:\Users\User\Desktop\docs\taskmanager\event_calendar\admin.py changed, reloading.
INFO 2025-02-26 10:15:55,197 autoreload Watching for file changes with StatReloader
INFO 2025-02-26 10:15:56,053 basehttp "GET /admin/event_calendar/event/ HTTP/1.1" 200 23015
INFO 2025-02-26 10:15:56,138 basehttp "GET /admin/jsi18n/ HTTP/1.1" 200 3342
INFO 2025-02-26 10:21:04,726 basehttp "GET /admin/event_calendar/event/ HTTP/1.1" 200 23015
INFO 2025-02-26 10:21:04,818 basehttp "GET /admin/jsi18n/ HTTP/1.1" 200 3342
INFO 2025-02-26 10:21:20,323 basehttp "GET /admin/event_calendar/event/ HTTP/1.1" 200 23015
INFO 2025-02-26 10:21:20,430 basehttp "GET /admin/jsi18n/ HTTP/1.1" 200 3342
INFO 2025-02-26 10:21:20,699 autoreload C:\Users\User\Desktop\docs\taskmanager\event_calendar\admin.py changed, reloading.
INFO 2025-02-26 10:21:21,629 autoreload Watching for file changes with StatReloader
INFO 2025-02-26 10:21:22,476 basehttp "GET /admin/event_calendar/event/ HTTP/1.1" 200 25214
INFO 2025-02-26 10:21:22,545 basehttp "GET /admin/jsi18n/ HTTP/1.1" 200 3342
INFO 2025-02-26 10:21:28,053 basehttp "GET /admin/event_calendar/event/?event_type__exact=%D0%9C%D0%95%D0%A0%D0%9E%D0%9F%D0%A0%D0%98%D0%AF%D0%A2%D0%98%D0%95 HTTP/1.1" 200 25475
INFO 2025-02-26 10:21:28,125 basehttp "GET /admin/jsi18n/ HTTP/1.1" 200 3342
INFO 2025-02-26 10:21:40,507 autoreload C:\Users\User\Desktop\docs\taskmanager\event_calendar\admin.py changed, reloading.
INFO 2025-02-26 10:21:41,486 autoreload Watching for file changes with StatReloader
INFO 2025-02-26 10:21:42,401 basehttp "GET /admin/event_calendar/event/?event_type__exact=%D0%9C%D0%95%D0%A0%D0%9E%D0%9F%D0%A0%D0%98%D0%AF%D0%A2%D0%98%D0%95 HTTP/1.1" 200 26928
INFO 2025-02-26 10:21:42,472 basehttp "GET /admin/jsi18n/ HTTP/1.1" 200 3342
INFO 2025-02-26 10:24:06,008 basehttp "GET /admin/news/news/ HTTP/1.1" 200 26819
INFO 2025-02-26 10:24:06,099 basehttp "GET /admin/jsi18n/ HTTP/1.1" 200 3342
INFO 2025-02-26 10:24:42,383 basehttp "GET /admin/news/news/ HTTP/1.1" 200 26819
INFO 2025-02-26 10:24:42,445 autoreload C:\Users\User\Desktop\docs\taskmanager\news\admin.py changed, reloading.
INFO 2025-02-26 10:24:43,134 autoreload Watching for file changes with StatReloader
INFO 2025-02-26 10:24:43,958 basehttp "GET /admin/jsi18n/ HTTP/1.1" 200 3342
INFO 2025-02-26 10:24:45,043 basehttp "GET /admin/news/news/ HTTP/1.1" 200 30427
INFO 2025-02-26 10:24:45,233 basehttp "GET /admin/jsi18n/ HTTP/1.1" 200 3342
INFO 2025-02-26 10:25:00,626 basehttp "GET /admin/notifications/notification/ HTTP/1.1" 200 22419
INFO 2025-02-26 10:25:00,710 basehttp "GET /admin/jsi18n/ HTTP/1.1" 200 3342
INFO 2025-02-26 10:25:36,248 autoreload C:\Users\User\Desktop\docs\taskmanager\notifications\admin.py changed, reloading.
INFO 2025-02-26 10:25:36,988 autoreload Watching for file changes with StatReloader
INFO 2025-02-26 10:25:57,965 autoreload C:\Users\User\Desktop\docs\taskmanager\notifications\admin.py changed, reloading.
INFO 2025-02-26 10:25:58,576 autoreload Watching for file changes with StatReloader
INFO 2025-02-26 10:26:06,473 autoreload C:\Users\User\Desktop\docs\taskmanager\notifications\admin.py changed, reloading.
INFO 2025-02-26 10:26:07,125 autoreload Watching for file changes with StatReloader
INFO 2025-02-26 10:26:08,167 basehttp "GET /admin/notifications/notification/ HTTP/1.1" 200 22419
INFO 2025-02-26 10:26:08,275 basehttp "GET /admin/jsi18n/ HTTP/1.1" 200 3342
INFO 2025-02-26 10:26:29,136 autoreload C:\Users\User\Desktop\docs\taskmanager\notifications\admin.py changed, reloading.
INFO 2025-02-26 10:26:29,885 autoreload Watching for file changes with StatReloader
INFO 2025-02-26 10:26:30,715 basehttp "GET /admin/notifications/notification/ HTTP/1.1" 200 22419
INFO 2025-02-26 10:26:30,896 basehttp "GET /admin/jsi18n/ HTTP/1.1" 200 3342
INFO 2025-02-26 10:26:33,388 basehttp "GET /admin/notifications/notification/ HTTP/1.1" 200 22419
INFO 2025-02-26 10:26:33,457 basehttp "GET /admin/jsi18n/ HTTP/1.1" 200 3342
INFO 2025-02-26 10:26:35,363 basehttp "GET /admin/notifications/notification/1/change/ HTTP/1.1" 200 26327
INFO 2025-02-26 10:26:35,536 basehttp "GET /admin/jsi18n/ HTTP/1.1" 200 3342
INFO 2025-02-26 10:26:42,817 basehttp "GET /admin/notifications/notification/ HTTP/1.1" 200 22419
INFO 2025-02-26 10:26:42,988 basehttp "GET /admin/jsi18n/ HTTP/1.1" 200 3342
INFO 2025-02-26 10:26:48,438 basehttp "GET /admin/notifications/notification/ HTTP/1.1" 200 22419
INFO 2025-02-26 10:26:48,607 basehttp "GET /admin/jsi18n/ HTTP/1.1" 200 3342
INFO 2025-02-26 10:26:48,768 autoreload C:\Users\User\Desktop\docs\taskmanager\notifications\admin.py changed, reloading.
INFO 2025-02-26 10:26:49,371 autoreload Watching for file changes with StatReloader
INFO 2025-02-26 10:26:50,107 basehttp "GET /admin/notifications/notification/ HTTP/1.1" 200 22874
INFO 2025-02-26 10:26:50,178 basehttp "GET /admin/jsi18n/ HTTP/1.1" 200 3342
INFO 2025-02-26 10:27:20,913 autoreload C:\Users\User\Desktop\docs\taskmanager\notifications\admin.py changed, reloading.
INFO 2025-02-26 10:27:21,604 autoreload Watching for file changes with StatReloader
INFO 2025-02-26 10:27:30,826 autoreload C:\Users\User\Desktop\docs\taskmanager\notifications\admin.py changed, reloading.
INFO 2025-02-26 10:27:31,656 autoreload Watching for file changes with StatReloader
INFO 2025-02-26 10:27:37,751 autoreload C:\Users\User\Desktop\docs\taskmanager\notifications\admin.py changed, reloading.
INFO 2025-02-26 10:27:38,641 autoreload Watching for file changes with StatReloader
INFO 2025-02-26 10:27:39,633 basehttp "GET /admin/notifications/notification/ HTTP/1.1" 200 24210
INFO 2025-02-26 10:27:39,765 basehttp "GET /admin/jsi18n/ HTTP/1.1" 200 3342
INFO 2025-02-26 10:27:44,288 basehttp "GET /admin/notifications/notification/?notification_type__exact=%D0%94%D0%9E%D0%A1%D0%A2%D0%98%D0%96%D0%95%D0%9D%D0%98%D0%95 HTTP/1.1" 200 22533
INFO 2025-02-26 10:27:44,360 basehttp "GET /admin/jsi18n/ HTTP/1.1" 200 3342
INFO 2025-02-26 10:27:51,433 basehttp "GET /admin/chat/chat/ HTTP/1.1" 200 22770
INFO 2025-02-26 10:27:51,506 basehttp "GET /admin/jsi18n/ HTTP/1.1" 200 3342
INFO 2025-02-26 10:27:55,472 basehttp "GET /admin/chat/messages/ HTTP/1.1" 200 25380
INFO 2025-02-26 10:27:55,551 basehttp "GET /admin/jsi18n/ HTTP/1.1" 200 3342
INFO 2025-02-26 10:27:58,743 basehttp "GET /admin/event_calendar/event/ HTTP/1.1" 200 26638
INFO 2025-02-26 10:27:58,817 basehttp "GET /admin/jsi18n/ HTTP/1.1" 200 3342
INFO 2025-02-26 10:28:28,374 autoreload C:\Users\User\Desktop\docs\taskmanager\event_calendar\admin.py changed, reloading.
INFO 2025-02-26 10:28:28,997 autoreload Watching for file changes with StatReloader
INFO 2025-02-26 10:28:29,945 basehttp "GET /admin/event_calendar/event/ HTTP/1.1" 200 28642
INFO 2025-02-26 10:28:30,016 basehttp "GET /admin/jsi18n/ HTTP/1.1" 200 3342
INFO 2025-02-26 10:49:58,245 autoreload C:\Users\User\Desktop\docs\taskmanager\tasks\models.py changed, reloading.
INFO 2025-02-26 10:50:02,198 autoreload Watching for file changes with StatReloader
INFO 2025-02-26 10:50:21,433 autoreload Watching for file changes with StatReloader
INFO 2025-02-26 10:50:27,564 basehttp "GET /admin/tasks/task/ HTTP/1.1" 200 31137
INFO 2025-02-26 10:50:27,677 basehttp "GET /admin/jsi18n/ HTTP/1.1" 200 3342
INFO 2025-02-26 10:50:33,152 basehttp "GET /admin/tasks/task/1/change/ HTTP/1.1" 200 38266
INFO 2025-02-26 10:50:33,240 basehttp "GET /admin/jsi18n/ HTTP/1.1" 200 3342
INFO 2025-02-26 10:50:42,346 basehttp "POST /admin/tasks/task/1/change/ HTTP/1.1" 302 0
INFO 2025-02-26 10:50:42,557 basehttp "GET /admin/tasks/task/ HTTP/1.1" 200 31696
INFO 2025-02-26 10:50:42,639 basehttp "GET /admin/jsi18n/ HTTP/1.1" 200 3342
INFO 2025-02-26 10:51:10,544 autoreload C:\Users\User\Desktop\docs\taskmanager\tasks\admin.py changed, reloading.
INFO 2025-02-26 10:51:11,436 autoreload Watching for file changes with StatReloader
INFO 2025-02-26 10:51:13,624 basehttp "GET /admin/tasks/task/ HTTP/1.1" 200 32556
INFO 2025-02-26 10:51:13,750 basehttp "GET /admin/jsi18n/ HTTP/1.1" 200 3342
INFO 2025-02-26 10:51:16,781 basehttp "GET /admin/tasks/task/?agreed_with_managers__exact=1 HTTP/1.1" 200 30587
INFO 2025-02-26 10:51:16,858 basehttp "GET /admin/jsi18n/ HTTP/1.1" 200 3342
